<?xml version="1.0" encoding="UTF-8"?>
<!-- Generated by org.testng.reporters.JUnitReportReporter -->
<testsuite hostname="DESKTOP-RT8SD5D" failures="0" tests="1" name="driverFactory.DriverScript" time="68.114" errors="0" timestamp="2024-03-25T16:28:14 IST" skipped="0">
  <testcase classname="driverFactory.DriverScript" name="starttest" time="68.114">
    <system-out>
      <![CDATA[Act_dataStock-000000986===================Exp_dataStock-000000986]]>
    </system-out>
  </testcase> <!-- starttest -->
  <system-out>
    <![CDATA[Act_dataStock-000000986===================Exp_dataStock-000000986]]>
  </system-out>
</testsuite> <!-- driverFactory.DriverScript -->
