<?xml version="1.0" encoding="UTF-8"?>
<!-- Generated by org.testng.reporters.JUnitReportReporter -->
<testsuite hostname="DESKTOP-RT8SD5D" failures="0" tests="1" name="driverFactory.AppTest" time="68.773" errors="0" timestamp="2024-03-25T15:43:32 IST" skipped="0">
  <testcase classname="driverFactory.AppTest" name="kictTest" time="68.773"/>
</testsuite> <!-- driverFactory.AppTest -->
